  BallObject.cpp
e:\opengldemo\breakout\breakout\gameobject.h(9): fatal error C1083: 无法打开包括文件: “glm/glm.hpp”: No such file or directory
  Game.cpp
Game.cpp(5): fatal error C1083: 无法打开包括文件: “irrklang/irrKlang.h”: No such file or directory
  GameLevel.cpp
e:\opengldemo\breakout\breakout\gamelevel.h(10): fatal error C1083: 无法打开包括文件: “glm/glm.hpp”: No such file or directory
  GameObject.cpp
e:\opengldemo\breakout\breakout\gameobject.h(9): fatal error C1083: 无法打开包括文件: “glm/glm.hpp”: No such file or directory
  main.cpp
e:\opengldemo\breakout\breakout\gameobject.h(9): fatal error C1083: 无法打开包括文件: “glm/glm.hpp”: No such file or directory
  ParticleGenerator.cpp
e:\opengldemo\breakout\breakout\particlegenerator.h(10): fatal error C1083: 无法打开包括文件: “glm/glm.hpp”: No such file or directory
  PostProcessor.cpp
e:\opengldemo\breakout\breakout\postprocessor.h(7): fatal error C1083: 无法打开包括文件: “glm/glm.hpp”: No such file or directory
  ResourceManager.cpp
ResourceManager.cpp(11): fatal error C1083: 无法打开包括文件: “SOIL.h”: No such file or directory
  Shader.cpp
e:\opengldemo\breakout\breakout\Shader.h(6): fatal error C1083: 无法打开包括文件: “glm/glm.hpp”: No such file or directory
  SpriteRender.cpp
e:\opengldemo\breakout\breakout\shader.h(6): fatal error C1083: 无法打开包括文件: “glm/glm.hpp”: No such file or directory
  TextRenderer.cpp
TextRenderer.cpp(4): fatal error C1083: 无法打开包括文件: “glm/gtc/matrix_transform.hpp”: No such file or directory
  Texture2D.cpp
Texture2D.cpp(7): fatal error C1083: 无法打开包括文件: “SOIL.h”: No such file or directory
