  main.cpp
e:\opengldemo\solar_system\solar_system\stars.h(65): warning C4244: “初始化”: 从“double”转换到“GLfloat”，可能丢失数据
e:\opengldemo\solar_system\solar_system\stars.h(66): warning C4244: “初始化”: 从“double”转换到“GLfloat”，可能丢失数据
e:\opengldemo\solar_system\solar_system\main.cpp(52): warning C4305: “参数”: 从“double”到“GLfloat”截断
e:\opengldemo\solar_system\solar_system\main.cpp(55): warning C4305: “参数”: 从“double”到“GLfloat”截断
e:\opengldemo\solar_system\solar_system\main.cpp(60): warning C4244: “初始化”: 从“double”转换到“GLfloat”，可能丢失数据
e:\opengldemo\solar_system\solar_system\main.cpp(157): warning C4018: “<”: 有符号/无符号不匹配
e:\opengldemo\solar_system\solar_system\main.cpp(186): warning C4244: “=”: 从“double”转换到“GLfloat”，可能丢失数据
e:\opengldemo\solar_system\solar_system\main.cpp(187): warning C4244: “=”: 从“double”转换到“GLfloat”，可能丢失数据
e:\opengldemo\solar_system\solar_system\main.cpp(191): warning C4244: “初始化”: 从“double”转换到“GLfloat”，可能丢失数据
e:\opengldemo\solar_system\solar_system\main.cpp(192): warning C4244: “初始化”: 从“double”转换到“GLfloat”，可能丢失数据
e:\opengldemo\solar_system\solar_system\main.cpp(194): warning C4244: “=”: 从“double”转换到“GLfloat”，可能丢失数据
e:\opengldemo\solar_system\solar_system\main.cpp(195): warning C4244: “=”: 从“double”转换到“GLfloat”，可能丢失数据
e:\opengldemo\solar_system\solar_system\main.cpp(201): warning C4244: “参数”: 从“double”转换到“GLfloat”，可能丢失数据
  SOIL.lib(SOIL.obj) : 找到 MSIL .netmodule 或使用 /GL 编译的模块；正在使用 /LTCG 重新启动链接；将 /LTCG 添加到链接命令行以改进链接器性能
LINK : warning LNK4075: 忽略“/INCREMENTAL”(由于“/LTCG”规范)
main.obj : warning LNK4075: 忽略“/EDITANDCONTINUE”(由于“/OPT:LBR”规范)
LINK : warning LNK4098: 默认库“MSVCRT”与其他库的使用冲突；请使用 /NODEFAULTLIB:library
  正在生成代码
  已完成代码的生成
  Solar_System.vcxproj -> E:\openglDemo\Solar_System\Debug\Solar_System.exe
